Analysis & Synthesis report for superscalar
Fri May  1 17:50:38 2015
Quartus II 64-Bit Version 13.1.0 Build 162 10/23/2013 SJ Web Edition


---------------------
; Table of Contents ;
---------------------
  1. Legal Notice
  2. Analysis & Synthesis Summary
  3. Analysis & Synthesis Settings
  4. Parallel Compilation
  5. Analysis & Synthesis Source Files Read
  6. Analysis & Synthesis Resource Usage Summary
  7. Analysis & Synthesis Resource Utilization by Entity
  8. Analysis & Synthesis RAM Summary
  9. Registers Removed During Synthesis
 10. Removed Registers Triggering Further Register Optimizations
 11. General Register Statistics
 12. Registers Packed Into Inferred Megafunctions
 13. Multiplexer Restructuring Statistics (Restructuring Performed)
 14. Source assignments for InstrMem:Instruction_Memory|altsyncram:mem_rtl_0|altsyncram_cgu1:auto_generated
 15. Parameter Settings for User Entity Instance: mux2to1:Programming_Mux
 16. Parameter Settings for User Entity Instance: reg:PCreg
 17. Parameter Settings for User Entity Instance: reg:PCPreg
 18. Parameter Settings for User Entity Instance: reg:Fetch_pipeline_reg
 19. Parameter Settings for Inferred Entity Instance: InstrMem:Instruction_Memory|altsyncram:mem_rtl_0
 20. altsyncram Parameter Settings by Entity Instance
 21. Port Connectivity Checks: "reg:Fetch_pipeline_reg"
 22. Port Connectivity Checks: "reg:PCPreg"
 23. Port Connectivity Checks: "reg:PCreg"
 24. Elapsed Time Per Partition
 25. Analysis & Synthesis Messages



----------------
; Legal Notice ;
----------------
Copyright (C) 1991-2013 Altera Corporation
Your use of Altera Corporation's design tools, logic functions 
and other software and tools, and its AMPP partner logic 
functions, and any output files from any of the foregoing 
(including device programming or simulation files), and any 
associated documentation or information are expressly subject 
to the terms and conditions of the Altera Program License 
Subscription Agreement, Altera MegaCore Function License 
Agreement, or other applicable license agreement, including, 
without limitation, that your use is for the sole purpose of 
programming logic devices manufactured by Altera and sold by 
Altera or its authorized distributors.  Please refer to the 
applicable agreement for further details.



+---------------------------------------------------------------------------------+
; Analysis & Synthesis Summary                                                    ;
+------------------------------------+--------------------------------------------+
; Analysis & Synthesis Status        ; Successful - Fri May  1 17:50:38 2015      ;
; Quartus II 64-Bit Version          ; 13.1.0 Build 162 10/23/2013 SJ Web Edition ;
; Revision Name                      ; superscalar                                ;
; Top-level Entity Name              ; superscalar                                ;
; Family                             ; Cyclone IV E                               ;
; Total logic elements               ; 189                                        ;
;     Total combinational functions  ; 174                                        ;
;     Dedicated logic registers      ; 94                                         ;
; Total registers                    ; 94                                         ;
; Total pins                         ; 129                                        ;
; Total virtual pins                 ; 0                                          ;
; Total memory bits                  ; 4,096                                      ;
; Embedded Multiplier 9-bit elements ; 0                                          ;
; Total PLLs                         ; 0                                          ;
+------------------------------------+--------------------------------------------+


+----------------------------------------------------------------------------------------------------------------------+
; Analysis & Synthesis Settings                                                                                        ;
+----------------------------------------------------------------------------+--------------------+--------------------+
; Option                                                                     ; Setting            ; Default Value      ;
+----------------------------------------------------------------------------+--------------------+--------------------+
; Device                                                                     ; EP4CE22F17C6       ;                    ;
; Top-level entity name                                                      ; superscalar        ; superscalar        ;
; Family name                                                                ; Cyclone IV E       ; Cyclone IV GX      ;
; Use smart compilation                                                      ; Off                ; Off                ;
; Enable parallel Assembler and TimeQuest Timing Analyzer during compilation ; On                 ; On                 ;
; Enable compact report table                                                ; Off                ; Off                ;
; Restructure Multiplexers                                                   ; Auto               ; Auto               ;
; Create Debugging Nodes for IP Cores                                        ; Off                ; Off                ;
; Preserve fewer node names                                                  ; On                 ; On                 ;
; Disable OpenCore Plus hardware evaluation                                  ; Off                ; Off                ;
; Verilog Version                                                            ; Verilog_2001       ; Verilog_2001       ;
; VHDL Version                                                               ; VHDL_1993          ; VHDL_1993          ;
; State Machine Processing                                                   ; Auto               ; Auto               ;
; Safe State Machine                                                         ; Off                ; Off                ;
; Extract Verilog State Machines                                             ; On                 ; On                 ;
; Extract VHDL State Machines                                                ; On                 ; On                 ;
; Ignore Verilog initial constructs                                          ; Off                ; Off                ;
; Iteration limit for constant Verilog loops                                 ; 5000               ; 5000               ;
; Iteration limit for non-constant Verilog loops                             ; 250                ; 250                ;
; Add Pass-Through Logic to Inferred RAMs                                    ; On                 ; On                 ;
; Infer RAMs from Raw Logic                                                  ; On                 ; On                 ;
; Parallel Synthesis                                                         ; On                 ; On                 ;
; DSP Block Balancing                                                        ; Auto               ; Auto               ;
; NOT Gate Push-Back                                                         ; On                 ; On                 ;
; Power-Up Don't Care                                                        ; On                 ; On                 ;
; Remove Redundant Logic Cells                                               ; Off                ; Off                ;
; Remove Duplicate Registers                                                 ; On                 ; On                 ;
; Ignore CARRY Buffers                                                       ; Off                ; Off                ;
; Ignore CASCADE Buffers                                                     ; Off                ; Off                ;
; Ignore GLOBAL Buffers                                                      ; Off                ; Off                ;
; Ignore ROW GLOBAL Buffers                                                  ; Off                ; Off                ;
; Ignore LCELL Buffers                                                       ; Off                ; Off                ;
; Ignore SOFT Buffers                                                        ; On                 ; On                 ;
; Limit AHDL Integers to 32 Bits                                             ; Off                ; Off                ;
; Optimization Technique                                                     ; Balanced           ; Balanced           ;
; Carry Chain Length                                                         ; 70                 ; 70                 ;
; Auto Carry Chains                                                          ; On                 ; On                 ;
; Auto Open-Drain Pins                                                       ; On                 ; On                 ;
; Perform WYSIWYG Primitive Resynthesis                                      ; Off                ; Off                ;
; Auto ROM Replacement                                                       ; On                 ; On                 ;
; Auto RAM Replacement                                                       ; On                 ; On                 ;
; Auto DSP Block Replacement                                                 ; On                 ; On                 ;
; Auto Shift Register Replacement                                            ; Auto               ; Auto               ;
; Allow Shift Register Merging across Hierarchies                            ; Auto               ; Auto               ;
; Auto Clock Enable Replacement                                              ; On                 ; On                 ;
; Strict RAM Replacement                                                     ; Off                ; Off                ;
; Allow Synchronous Control Signals                                          ; On                 ; On                 ;
; Force Use of Synchronous Clear Signals                                     ; Off                ; Off                ;
; Auto RAM Block Balancing                                                   ; On                 ; On                 ;
; Auto RAM to Logic Cell Conversion                                          ; Off                ; Off                ;
; Auto Resource Sharing                                                      ; Off                ; Off                ;
; Allow Any RAM Size For Recognition                                         ; Off                ; Off                ;
; Allow Any ROM Size For Recognition                                         ; Off                ; Off                ;
; Allow Any Shift Register Size For Recognition                              ; Off                ; Off                ;
; Use LogicLock Constraints during Resource Balancing                        ; On                 ; On                 ;
; Ignore translate_off and synthesis_off directives                          ; Off                ; Off                ;
; Timing-Driven Synthesis                                                    ; On                 ; On                 ;
; Report Parameter Settings                                                  ; On                 ; On                 ;
; Report Source Assignments                                                  ; On                 ; On                 ;
; Report Connectivity Checks                                                 ; On                 ; On                 ;
; Ignore Maximum Fan-Out Assignments                                         ; Off                ; Off                ;
; Synchronization Register Chain Length                                      ; 2                  ; 2                  ;
; PowerPlay Power Optimization                                               ; Normal compilation ; Normal compilation ;
; HDL message level                                                          ; Level2             ; Level2             ;
; Suppress Register Optimization Related Messages                            ; Off                ; Off                ;
; Number of Removed Registers Reported in Synthesis Report                   ; 5000               ; 5000               ;
; Number of Swept Nodes Reported in Synthesis Report                         ; 5000               ; 5000               ;
; Number of Inverted Registers Reported in Synthesis Report                  ; 100                ; 100                ;
; Clock MUX Protection                                                       ; On                 ; On                 ;
; Auto Gated Clock Conversion                                                ; Off                ; Off                ;
; Block Design Naming                                                        ; Auto               ; Auto               ;
; SDC constraint protection                                                  ; Off                ; Off                ;
; Synthesis Effort                                                           ; Auto               ; Auto               ;
; Shift Register Replacement - Allow Asynchronous Clear Signal               ; On                 ; On                 ;
; Pre-Mapping Resynthesis Optimization                                       ; Off                ; Off                ;
; Analysis & Synthesis Message Level                                         ; Medium             ; Medium             ;
; Disable Register Merging Across Hierarchies                                ; Auto               ; Auto               ;
; Resource Aware Inference For Block RAM                                     ; On                 ; On                 ;
; Synthesis Seed                                                             ; 1                  ; 1                  ;
+----------------------------------------------------------------------------+--------------------+--------------------+


Parallel compilation was disabled, but you have multiple processors available. Enable parallel compilation to reduce compilation time.
+-------------------------------------+
; Parallel Compilation                ;
+----------------------------+--------+
; Processors                 ; Number ;
+----------------------------+--------+
; Number detected on machine ; 2      ;
; Maximum allowed            ; 1      ;
+----------------------------+--------+


+--------------------------------------------------------------------------------------------------------------------------------------------------------------------------------+
; Analysis & Synthesis Source Files Read                                                                                                                                         ;
+-----------------------------------+-----------------+------------------------------+---------------------------------------------------------------------------------+---------+
; File Name with User-Entered Path  ; Used in Netlist ; File Type                    ; File Name with Absolute Path                                                    ; Library ;
+-----------------------------------+-----------------+------------------------------+---------------------------------------------------------------------------------+---------+
; ../Fetch, Decode/superscalar.vhdl ; yes             ; User VHDL File               ; /home/anagha/Desktop/Superscalar/superscalar/Fetch, Decode/superscalar.vhdl     ;         ;
; ../Fetch, Decode/reg.vhdl         ; yes             ; User VHDL File               ; /home/anagha/Desktop/Superscalar/superscalar/Fetch, Decode/reg.vhdl             ;         ;
; ../Fetch, Decode/mux2to1.vhdl     ; yes             ; User VHDL File               ; /home/anagha/Desktop/Superscalar/superscalar/Fetch, Decode/mux2to1.vhdl         ;         ;
; ../Fetch, Decode/InstrMem.vhdl    ; yes             ; User VHDL File               ; /home/anagha/Desktop/Superscalar/superscalar/Fetch, Decode/InstrMem.vhdl        ;         ;
; ../Fetch, Decode/Decoder.vhdl     ; yes             ; User VHDL File               ; /home/anagha/Desktop/Superscalar/superscalar/Fetch, Decode/Decoder.vhdl         ;         ;
; altsyncram.tdf                    ; yes             ; Megafunction                 ; /home/anagha/altera/13.1/quartus/libraries/megafunctions/altsyncram.tdf         ;         ;
; stratix_ram_block.inc             ; yes             ; Megafunction                 ; /home/anagha/altera/13.1/quartus/libraries/megafunctions/stratix_ram_block.inc  ;         ;
; lpm_mux.inc                       ; yes             ; Megafunction                 ; /home/anagha/altera/13.1/quartus/libraries/megafunctions/lpm_mux.inc            ;         ;
; lpm_decode.inc                    ; yes             ; Megafunction                 ; /home/anagha/altera/13.1/quartus/libraries/megafunctions/lpm_decode.inc         ;         ;
; aglobal131.inc                    ; yes             ; Megafunction                 ; /home/anagha/altera/13.1/quartus/libraries/megafunctions/aglobal131.inc         ;         ;
; a_rdenreg.inc                     ; yes             ; Megafunction                 ; /home/anagha/altera/13.1/quartus/libraries/megafunctions/a_rdenreg.inc          ;         ;
; altrom.inc                        ; yes             ; Megafunction                 ; /home/anagha/altera/13.1/quartus/libraries/megafunctions/altrom.inc             ;         ;
; altram.inc                        ; yes             ; Megafunction                 ; /home/anagha/altera/13.1/quartus/libraries/megafunctions/altram.inc             ;         ;
; altdpram.inc                      ; yes             ; Megafunction                 ; /home/anagha/altera/13.1/quartus/libraries/megafunctions/altdpram.inc           ;         ;
; db/altsyncram_cgu1.tdf            ; yes             ; Auto-Generated Megafunction  ; /home/anagha/Desktop/Superscalar/superscalar/superscalar/db/altsyncram_cgu1.tdf ;         ;
+-----------------------------------+-----------------+------------------------------+---------------------------------------------------------------------------------+---------+


+-----------------------------------------------------------+
; Analysis & Synthesis Resource Usage Summary               ;
+---------------------------------------------+-------------+
; Resource                                    ; Usage       ;
+---------------------------------------------+-------------+
; Estimated Total logic elements              ; 189         ;
;                                             ;             ;
; Total combinational functions               ; 174         ;
; Logic element usage by number of LUT inputs ;             ;
;     -- 4 input functions                    ; 62          ;
;     -- 3 input functions                    ; 16          ;
;     -- <=2 input functions                  ; 96          ;
;                                             ;             ;
; Logic elements by mode                      ;             ;
;     -- normal mode                          ; 154         ;
;     -- arithmetic mode                      ; 20          ;
;                                             ;             ;
; Total registers                             ; 94          ;
;     -- Dedicated logic registers            ; 94          ;
;     -- I/O registers                        ; 0           ;
;                                             ;             ;
; I/O pins                                    ; 129         ;
; Total memory bits                           ; 4096        ;
; Embedded Multiplier 9-bit elements          ; 0           ;
; Maximum fan-out node                        ; clock~input ;
; Maximum fan-out                             ; 110         ;
; Total fan-out                               ; 1221        ;
; Average fan-out                             ; 2.25        ;
+---------------------------------------------+-------------+


+---------------------------------------------------------------------------------------------------------------------------------------------------------------------------------------------------------------------------------------------------------------------+
; Analysis & Synthesis Resource Utilization by Entity                                                                                                                                                                                                                 ;
+-------------------------------------------+-------------------+--------------+-------------+--------------+---------+-----------+------+--------------+----------------------------------------------------------------------------------------------+--------------+
; Compilation Hierarchy Node                ; LC Combinationals ; LC Registers ; Memory Bits ; DSP Elements ; DSP 9x9 ; DSP 18x18 ; Pins ; Virtual Pins ; Full Hierarchy Name                                                                          ; Library Name ;
+-------------------------------------------+-------------------+--------------+-------------+--------------+---------+-----------+------+--------------+----------------------------------------------------------------------------------------------+--------------+
; |superscalar                              ; 174 (16)          ; 94 (15)      ; 4096        ; 0            ; 0       ; 0         ; 129  ; 0            ; |superscalar                                                                                 ; work         ;
;    |Decoder:Decoder_module1|              ; 39 (39)           ; 0 (0)        ; 0           ; 0            ; 0       ; 0         ; 0    ; 0            ; |superscalar|Decoder:Decoder_module1                                                         ; work         ;
;    |Decoder:Decoder_module2|              ; 39 (39)           ; 0 (0)        ; 0           ; 0            ; 0       ; 0         ; 0    ; 0            ; |superscalar|Decoder:Decoder_module2                                                         ; work         ;
;    |InstrMem:Instruction_Memory|          ; 7 (7)             ; 0 (0)        ; 4096        ; 0            ; 0       ; 0         ; 0    ; 0            ; |superscalar|InstrMem:Instruction_Memory                                                     ; work         ;
;       |altsyncram:mem_rtl_0|              ; 0 (0)             ; 0 (0)        ; 4096        ; 0            ; 0       ; 0         ; 0    ; 0            ; |superscalar|InstrMem:Instruction_Memory|altsyncram:mem_rtl_0                                ; work         ;
;          |altsyncram_cgu1:auto_generated| ; 0 (0)             ; 0 (0)        ; 4096        ; 0            ; 0       ; 0         ; 0    ; 0            ; |superscalar|InstrMem:Instruction_Memory|altsyncram:mem_rtl_0|altsyncram_cgu1:auto_generated ; work         ;
;    |mux2to1:Programming_Mux|              ; 9 (9)             ; 0 (0)        ; 0           ; 0            ; 0       ; 0         ; 0    ; 0            ; |superscalar|mux2to1:Programming_Mux                                                         ; work         ;
;    |reg:Fetch_pipeline_reg|               ; 48 (48)           ; 63 (63)      ; 0           ; 0            ; 0       ; 0         ; 0    ; 0            ; |superscalar|reg:Fetch_pipeline_reg                                                          ; work         ;
;    |reg:PCPreg|                           ; 16 (16)           ; 16 (16)      ; 0           ; 0            ; 0       ; 0         ; 0    ; 0            ; |superscalar|reg:PCPreg                                                                      ; work         ;
+-------------------------------------------+-------------------+--------------+-------------+--------------+---------+-----------+------+--------------+----------------------------------------------------------------------------------------------+--------------+
Note: For table entries with two numbers listed, the numbers in parentheses indicate the number of resources of the given type used by the specific entity alone. The numbers listed outside of parentheses indicate the total resources of the given type used by the specific entity and all of its sub-entities in the hierarchy.


+----------------------------------------------------------------------------------------------------------------------------------------------------------------------------------------------+
; Analysis & Synthesis RAM Summary                                                                                                                                                             ;
+--------------------------------------------------------------------------------------------+------+----------------+--------------+--------------+--------------+--------------+------+------+
; Name                                                                                       ; Type ; Mode           ; Port A Depth ; Port A Width ; Port B Depth ; Port B Width ; Size ; MIF  ;
+--------------------------------------------------------------------------------------------+------+----------------+--------------+--------------+--------------+--------------+------+------+
; InstrMem:Instruction_Memory|altsyncram:mem_rtl_0|altsyncram_cgu1:auto_generated|ALTSYNCRAM ; AUTO ; True Dual Port ; 256          ; 16           ; 256          ; 16           ; 4096 ; None ;
+--------------------------------------------------------------------------------------------+------+----------------+--------------+--------------+--------------+--------------+------+------+


+----------------------------------------------------------------------------------------+
; Registers Removed During Synthesis                                                     ;
+-----------------------------------------------+----------------------------------------+
; Register name                                 ; Reason for Removal                     ;
+-----------------------------------------------+----------------------------------------+
; PCP1[0]                                       ; Stuck at VCC due to stuck port data_in ;
; PC[0]                                         ; Stuck at GND due to stuck port data_in ;
; reg:PCreg|reg_out[0]                          ; Stuck at GND due to stuck port data_in ;
; reg:Fetch_pipeline_reg|reg_out[32]            ; Stuck at GND due to stuck port data_in ;
; InstrMem:Instruction_Memory|data_out_2[0]~en  ; Lost fanout                            ;
; InstrMem:Instruction_Memory|data_out_2[1]~en  ; Lost fanout                            ;
; InstrMem:Instruction_Memory|data_out_2[2]~en  ; Lost fanout                            ;
; InstrMem:Instruction_Memory|data_out_2[3]~en  ; Lost fanout                            ;
; InstrMem:Instruction_Memory|data_out_2[4]~en  ; Lost fanout                            ;
; InstrMem:Instruction_Memory|data_out_2[5]~en  ; Lost fanout                            ;
; InstrMem:Instruction_Memory|data_out_2[6]~en  ; Lost fanout                            ;
; InstrMem:Instruction_Memory|data_out_2[7]~en  ; Lost fanout                            ;
; InstrMem:Instruction_Memory|data_out_2[8]~en  ; Lost fanout                            ;
; InstrMem:Instruction_Memory|data_out_2[9]~en  ; Lost fanout                            ;
; InstrMem:Instruction_Memory|data_out_2[10]~en ; Lost fanout                            ;
; InstrMem:Instruction_Memory|data_out_2[11]~en ; Lost fanout                            ;
; InstrMem:Instruction_Memory|data_out_2[12]~en ; Lost fanout                            ;
; InstrMem:Instruction_Memory|data_out_2[13]~en ; Lost fanout                            ;
; InstrMem:Instruction_Memory|data_out_2[14]~en ; Lost fanout                            ;
; InstrMem:Instruction_Memory|data_out_2[15]~en ; Lost fanout                            ;
; InstrMem:Instruction_Memory|data_out_1[0]~en  ; Lost fanout                            ;
; InstrMem:Instruction_Memory|data_out_1[1]~en  ; Lost fanout                            ;
; InstrMem:Instruction_Memory|data_out_1[2]~en  ; Lost fanout                            ;
; InstrMem:Instruction_Memory|data_out_1[3]~en  ; Lost fanout                            ;
; InstrMem:Instruction_Memory|data_out_1[4]~en  ; Lost fanout                            ;
; InstrMem:Instruction_Memory|data_out_1[5]~en  ; Lost fanout                            ;
; InstrMem:Instruction_Memory|data_out_1[6]~en  ; Lost fanout                            ;
; InstrMem:Instruction_Memory|data_out_1[7]~en  ; Lost fanout                            ;
; InstrMem:Instruction_Memory|data_out_1[8]~en  ; Lost fanout                            ;
; InstrMem:Instruction_Memory|data_out_1[9]~en  ; Lost fanout                            ;
; InstrMem:Instruction_Memory|data_out_1[10]~en ; Lost fanout                            ;
; InstrMem:Instruction_Memory|data_out_1[11]~en ; Lost fanout                            ;
; InstrMem:Instruction_Memory|data_out_1[12]~en ; Lost fanout                            ;
; InstrMem:Instruction_Memory|data_out_1[13]~en ; Lost fanout                            ;
; InstrMem:Instruction_Memory|data_out_1[14]~en ; Lost fanout                            ;
; InstrMem:Instruction_Memory|data_out_1[15]~en ; Lost fanout                            ;
; reg:PCreg|reg_out[1]                          ; Merged with reg:PCPreg|reg_out[1]      ;
; reg:PCreg|reg_out[2]                          ; Merged with reg:PCPreg|reg_out[2]      ;
; reg:PCreg|reg_out[3]                          ; Merged with reg:PCPreg|reg_out[3]      ;
; reg:PCreg|reg_out[4]                          ; Merged with reg:PCPreg|reg_out[4]      ;
; reg:PCreg|reg_out[5]                          ; Merged with reg:PCPreg|reg_out[5]      ;
; reg:PCreg|reg_out[6]                          ; Merged with reg:PCPreg|reg_out[6]      ;
; reg:PCreg|reg_out[7]                          ; Merged with reg:PCPreg|reg_out[7]      ;
; reg:PCreg|reg_out[8]                          ; Merged with reg:PCPreg|reg_out[8]      ;
; reg:PCreg|reg_out[9]                          ; Merged with reg:PCPreg|reg_out[9]      ;
; reg:PCreg|reg_out[10]                         ; Merged with reg:PCPreg|reg_out[10]     ;
; reg:PCreg|reg_out[11]                         ; Merged with reg:PCPreg|reg_out[11]     ;
; reg:PCreg|reg_out[12]                         ; Merged with reg:PCPreg|reg_out[12]     ;
; reg:PCreg|reg_out[13]                         ; Merged with reg:PCPreg|reg_out[13]     ;
; reg:PCreg|reg_out[14]                         ; Merged with reg:PCPreg|reg_out[14]     ;
; reg:PCreg|reg_out[15]                         ; Merged with reg:PCPreg|reg_out[15]     ;
; PC[1]                                         ; Merged with PCP1[1]                    ;
; PC[2]                                         ; Merged with PCP1[2]                    ;
; PC[3]                                         ; Merged with PCP1[3]                    ;
; PC[4]                                         ; Merged with PCP1[4]                    ;
; PC[5]                                         ; Merged with PCP1[5]                    ;
; PC[6]                                         ; Merged with PCP1[6]                    ;
; PC[7]                                         ; Merged with PCP1[7]                    ;
; PC[8]                                         ; Merged with PCP1[8]                    ;
; PC[9]                                         ; Merged with PCP1[9]                    ;
; PC[10]                                        ; Merged with PCP1[10]                   ;
; PC[11]                                        ; Merged with PCP1[11]                   ;
; PC[12]                                        ; Merged with PCP1[12]                   ;
; PC[13]                                        ; Merged with PCP1[13]                   ;
; PC[14]                                        ; Merged with PCP1[14]                   ;
; PC[15]                                        ; Merged with PCP1[15]                   ;
; Total Number of Removed Registers = 66        ;                                        ;
+-----------------------------------------------+----------------------------------------+


+------------------------------------------------------------------------------------------------------+
; Removed Registers Triggering Further Register Optimizations                                          ;
+---------------+---------------------------+----------------------------------------------------------+
; Register name ; Reason for Removal        ; Registers Removed due to This Register                   ;
+---------------+---------------------------+----------------------------------------------------------+
; PC[0]         ; Stuck at GND              ; reg:PCreg|reg_out[0], reg:Fetch_pipeline_reg|reg_out[32] ;
;               ; due to stuck port data_in ;                                                          ;
+---------------+---------------------------+----------------------------------------------------------+


+------------------------------------------------------+
; General Register Statistics                          ;
+----------------------------------------------+-------+
; Statistic                                    ; Value ;
+----------------------------------------------+-------+
; Total registers                              ; 94    ;
; Number of registers using Synchronous Clear  ; 15    ;
; Number of registers using Synchronous Load   ; 0     ;
; Number of registers using Asynchronous Clear ; 0     ;
; Number of registers using Asynchronous Load  ; 0     ;
; Number of registers using Clock Enable       ; 0     ;
; Number of registers using Preset             ; 0     ;
+----------------------------------------------+-------+


+------------------------------------------------------------------------------------------------+
; Registers Packed Into Inferred Megafunctions                                                   ;
+-------------------------------------------------+---------------------------------------+------+
; Register Name                                   ; Megafunction                          ; Type ;
+-------------------------------------------------+---------------------------------------+------+
; InstrMem:Instruction_Memory|data_out_1[0]~reg0  ; InstrMem:Instruction_Memory|mem_rtl_0 ; RAM  ;
; InstrMem:Instruction_Memory|data_out_1[1]~reg0  ; InstrMem:Instruction_Memory|mem_rtl_0 ; RAM  ;
; InstrMem:Instruction_Memory|data_out_1[2]~reg0  ; InstrMem:Instruction_Memory|mem_rtl_0 ; RAM  ;
; InstrMem:Instruction_Memory|data_out_1[3]~reg0  ; InstrMem:Instruction_Memory|mem_rtl_0 ; RAM  ;
; InstrMem:Instruction_Memory|data_out_1[4]~reg0  ; InstrMem:Instruction_Memory|mem_rtl_0 ; RAM  ;
; InstrMem:Instruction_Memory|data_out_1[5]~reg0  ; InstrMem:Instruction_Memory|mem_rtl_0 ; RAM  ;
; InstrMem:Instruction_Memory|data_out_1[6]~reg0  ; InstrMem:Instruction_Memory|mem_rtl_0 ; RAM  ;
; InstrMem:Instruction_Memory|data_out_1[7]~reg0  ; InstrMem:Instruction_Memory|mem_rtl_0 ; RAM  ;
; InstrMem:Instruction_Memory|data_out_1[8]~reg0  ; InstrMem:Instruction_Memory|mem_rtl_0 ; RAM  ;
; InstrMem:Instruction_Memory|data_out_1[9]~reg0  ; InstrMem:Instruction_Memory|mem_rtl_0 ; RAM  ;
; InstrMem:Instruction_Memory|data_out_1[10]~reg0 ; InstrMem:Instruction_Memory|mem_rtl_0 ; RAM  ;
; InstrMem:Instruction_Memory|data_out_1[11]~reg0 ; InstrMem:Instruction_Memory|mem_rtl_0 ; RAM  ;
; InstrMem:Instruction_Memory|data_out_1[12]~reg0 ; InstrMem:Instruction_Memory|mem_rtl_0 ; RAM  ;
; InstrMem:Instruction_Memory|data_out_1[13]~reg0 ; InstrMem:Instruction_Memory|mem_rtl_0 ; RAM  ;
; InstrMem:Instruction_Memory|data_out_1[14]~reg0 ; InstrMem:Instruction_Memory|mem_rtl_0 ; RAM  ;
; InstrMem:Instruction_Memory|data_out_1[15]~reg0 ; InstrMem:Instruction_Memory|mem_rtl_0 ; RAM  ;
; InstrMem:Instruction_Memory|data_out_2[0]~reg0  ; InstrMem:Instruction_Memory|mem_rtl_0 ; RAM  ;
; InstrMem:Instruction_Memory|data_out_2[1]~reg0  ; InstrMem:Instruction_Memory|mem_rtl_0 ; RAM  ;
; InstrMem:Instruction_Memory|data_out_2[2]~reg0  ; InstrMem:Instruction_Memory|mem_rtl_0 ; RAM  ;
; InstrMem:Instruction_Memory|data_out_2[3]~reg0  ; InstrMem:Instruction_Memory|mem_rtl_0 ; RAM  ;
; InstrMem:Instruction_Memory|data_out_2[4]~reg0  ; InstrMem:Instruction_Memory|mem_rtl_0 ; RAM  ;
; InstrMem:Instruction_Memory|data_out_2[5]~reg0  ; InstrMem:Instruction_Memory|mem_rtl_0 ; RAM  ;
; InstrMem:Instruction_Memory|data_out_2[6]~reg0  ; InstrMem:Instruction_Memory|mem_rtl_0 ; RAM  ;
; InstrMem:Instruction_Memory|data_out_2[7]~reg0  ; InstrMem:Instruction_Memory|mem_rtl_0 ; RAM  ;
; InstrMem:Instruction_Memory|data_out_2[8]~reg0  ; InstrMem:Instruction_Memory|mem_rtl_0 ; RAM  ;
; InstrMem:Instruction_Memory|data_out_2[9]~reg0  ; InstrMem:Instruction_Memory|mem_rtl_0 ; RAM  ;
; InstrMem:Instruction_Memory|data_out_2[10]~reg0 ; InstrMem:Instruction_Memory|mem_rtl_0 ; RAM  ;
; InstrMem:Instruction_Memory|data_out_2[11]~reg0 ; InstrMem:Instruction_Memory|mem_rtl_0 ; RAM  ;
; InstrMem:Instruction_Memory|data_out_2[12]~reg0 ; InstrMem:Instruction_Memory|mem_rtl_0 ; RAM  ;
; InstrMem:Instruction_Memory|data_out_2[13]~reg0 ; InstrMem:Instruction_Memory|mem_rtl_0 ; RAM  ;
; InstrMem:Instruction_Memory|data_out_2[14]~reg0 ; InstrMem:Instruction_Memory|mem_rtl_0 ; RAM  ;
; InstrMem:Instruction_Memory|data_out_2[15]~reg0 ; InstrMem:Instruction_Memory|mem_rtl_0 ; RAM  ;
+-------------------------------------------------+---------------------------------------+------+


+-------------------------------------------------------------------------------------------------------------------------------------------------------------------+
; Multiplexer Restructuring Statistics (Restructuring Performed)                                                                                                    ;
+--------------------+-----------+---------------+----------------------+------------------------+------------+-----------------------------------------------------+
; Multiplexer Inputs ; Bus Width ; Baseline Area ; Area if Restructured ; Saving if Restructured ; Registered ; Example Multiplexer Output                          ;
+--------------------+-----------+---------------+----------------------+------------------------+------------+-----------------------------------------------------+
; 4:1                ; 3 bits    ; 6 LEs         ; 6 LEs                ; 0 LEs                  ; No         ; |superscalar|Decoder:Decoder_module2|Decode_out[40] ;
; 4:1                ; 3 bits    ; 6 LEs         ; 6 LEs                ; 0 LEs                  ; No         ; |superscalar|Decoder:Decoder_module1|Decode_out[40] ;
; 4:1                ; 2 bits    ; 4 LEs         ; 2 LEs                ; 2 LEs                  ; No         ; |superscalar|Decoder:Decoder_module2|Decode_out[25] ;
; 4:1                ; 2 bits    ; 4 LEs         ; 2 LEs                ; 2 LEs                  ; No         ; |superscalar|Decoder:Decoder_module1|Decode_out[25] ;
; 16:1               ; 3 bits    ; 30 LEs        ; 3 LEs                ; 27 LEs                 ; No         ; |superscalar|Decoder:Decoder_module2|Decode_out[17] ;
; 6:1                ; 3 bits    ; 12 LEs        ; 9 LEs                ; 3 LEs                  ; No         ; |superscalar|Decoder:Decoder_module2|Decode_out[33] ;
; 16:1               ; 3 bits    ; 30 LEs        ; 3 LEs                ; 27 LEs                 ; No         ; |superscalar|Decoder:Decoder_module1|Decode_out[18] ;
; 6:1                ; 3 bits    ; 12 LEs        ; 9 LEs                ; 3 LEs                  ; No         ; |superscalar|Decoder:Decoder_module1|Decode_out[32] ;
; 6:1                ; 2 bits    ; 8 LEs         ; 2 LEs                ; 6 LEs                  ; No         ; |superscalar|Decoder:Decoder_module2|Decode_out[20] ;
; 7:1                ; 3 bits    ; 12 LEs        ; 9 LEs                ; 3 LEs                  ; No         ; |superscalar|Decoder:Decoder_module2|Decode_out[38] ;
; 6:1                ; 2 bits    ; 8 LEs         ; 2 LEs                ; 6 LEs                  ; No         ; |superscalar|Decoder:Decoder_module1|Decode_out[19] ;
; 7:1                ; 3 bits    ; 12 LEs        ; 9 LEs                ; 3 LEs                  ; No         ; |superscalar|Decoder:Decoder_module1|Decode_out[38] ;
; 7:1                ; 2 bits    ; 8 LEs         ; 4 LEs                ; 4 LEs                  ; No         ; |superscalar|Decoder:Decoder_module2|Decode_out[23] ;
; 7:1                ; 2 bits    ; 8 LEs         ; 4 LEs                ; 4 LEs                  ; No         ; |superscalar|Decoder:Decoder_module1|Decode_out[23] ;
+--------------------+-----------+---------------+----------------------+------------------------+------------+-----------------------------------------------------+


+--------------------------------------------------------------------------------------------------------+
; Source assignments for InstrMem:Instruction_Memory|altsyncram:mem_rtl_0|altsyncram_cgu1:auto_generated ;
+---------------------------------+--------------------+------+------------------------------------------+
; Assignment                      ; Value              ; From ; To                                       ;
+---------------------------------+--------------------+------+------------------------------------------+
; OPTIMIZE_POWER_DURING_SYNTHESIS ; NORMAL_COMPILATION ; -    ; -                                        ;
+---------------------------------+--------------------+------+------------------------------------------+


+----------------------------------------------------------------------+
; Parameter Settings for User Entity Instance: mux2to1:Programming_Mux ;
+----------------+-------+---------------------------------------------+
; Parameter Name ; Value ; Type                                        ;
+----------------+-------+---------------------------------------------+
; nbits          ; 16    ; Signed Integer                              ;
+----------------+-------+---------------------------------------------+
Note: In order to hide this table in the UI and the text report file, please set the "Show Parameter Settings in Synthesis Report" option in "Analysis and Synthesis Settings -> More Settings" to "Off".


+--------------------------------------------------------+
; Parameter Settings for User Entity Instance: reg:PCreg ;
+----------------+-------+-------------------------------+
; Parameter Name ; Value ; Type                          ;
+----------------+-------+-------------------------------+
; size           ; 16    ; Signed Integer                ;
+----------------+-------+-------------------------------+
Note: In order to hide this table in the UI and the text report file, please set the "Show Parameter Settings in Synthesis Report" option in "Analysis and Synthesis Settings -> More Settings" to "Off".


+---------------------------------------------------------+
; Parameter Settings for User Entity Instance: reg:PCPreg ;
+----------------+-------+--------------------------------+
; Parameter Name ; Value ; Type                           ;
+----------------+-------+--------------------------------+
; size           ; 16    ; Signed Integer                 ;
+----------------+-------+--------------------------------+
Note: In order to hide this table in the UI and the text report file, please set the "Show Parameter Settings in Synthesis Report" option in "Analysis and Synthesis Settings -> More Settings" to "Off".


+---------------------------------------------------------------------+
; Parameter Settings for User Entity Instance: reg:Fetch_pipeline_reg ;
+----------------+-------+--------------------------------------------+
; Parameter Name ; Value ; Type                                       ;
+----------------+-------+--------------------------------------------+
; size           ; 64    ; Signed Integer                             ;
+----------------+-------+--------------------------------------------+
Note: In order to hide this table in the UI and the text report file, please set the "Show Parameter Settings in Synthesis Report" option in "Analysis and Synthesis Settings -> More Settings" to "Off".


+---------------------------------------------------------------------------------------------------+
; Parameter Settings for Inferred Entity Instance: InstrMem:Instruction_Memory|altsyncram:mem_rtl_0 ;
+------------------------------------+----------------------+---------------------------------------+
; Parameter Name                     ; Value                ; Type                                  ;
+------------------------------------+----------------------+---------------------------------------+
; BYTE_SIZE_BLOCK                    ; 8                    ; Untyped                               ;
; AUTO_CARRY_CHAINS                  ; ON                   ; AUTO_CARRY                            ;
; IGNORE_CARRY_BUFFERS               ; OFF                  ; IGNORE_CARRY                          ;
; AUTO_CASCADE_CHAINS                ; ON                   ; AUTO_CASCADE                          ;
; IGNORE_CASCADE_BUFFERS             ; OFF                  ; IGNORE_CASCADE                        ;
; WIDTH_BYTEENA                      ; 1                    ; Untyped                               ;
; OPERATION_MODE                     ; BIDIR_DUAL_PORT      ; Untyped                               ;
; WIDTH_A                            ; 16                   ; Untyped                               ;
; WIDTHAD_A                          ; 8                    ; Untyped                               ;
; NUMWORDS_A                         ; 256                  ; Untyped                               ;
; OUTDATA_REG_A                      ; UNREGISTERED         ; Untyped                               ;
; ADDRESS_ACLR_A                     ; NONE                 ; Untyped                               ;
; OUTDATA_ACLR_A                     ; NONE                 ; Untyped                               ;
; WRCONTROL_ACLR_A                   ; NONE                 ; Untyped                               ;
; INDATA_ACLR_A                      ; NONE                 ; Untyped                               ;
; BYTEENA_ACLR_A                     ; NONE                 ; Untyped                               ;
; WIDTH_B                            ; 16                   ; Untyped                               ;
; WIDTHAD_B                          ; 8                    ; Untyped                               ;
; NUMWORDS_B                         ; 256                  ; Untyped                               ;
; INDATA_REG_B                       ; CLOCK0               ; Untyped                               ;
; WRCONTROL_WRADDRESS_REG_B          ; CLOCK0               ; Untyped                               ;
; RDCONTROL_REG_B                    ; CLOCK1               ; Untyped                               ;
; ADDRESS_REG_B                      ; CLOCK0               ; Untyped                               ;
; OUTDATA_REG_B                      ; UNREGISTERED         ; Untyped                               ;
; BYTEENA_REG_B                      ; CLOCK1               ; Untyped                               ;
; INDATA_ACLR_B                      ; NONE                 ; Untyped                               ;
; WRCONTROL_ACLR_B                   ; NONE                 ; Untyped                               ;
; ADDRESS_ACLR_B                     ; NONE                 ; Untyped                               ;
; OUTDATA_ACLR_B                     ; NONE                 ; Untyped                               ;
; RDCONTROL_ACLR_B                   ; NONE                 ; Untyped                               ;
; BYTEENA_ACLR_B                     ; NONE                 ; Untyped                               ;
; WIDTH_BYTEENA_A                    ; 1                    ; Untyped                               ;
; WIDTH_BYTEENA_B                    ; 1                    ; Untyped                               ;
; RAM_BLOCK_TYPE                     ; AUTO                 ; Untyped                               ;
; BYTE_SIZE                          ; 8                    ; Untyped                               ;
; READ_DURING_WRITE_MODE_MIXED_PORTS ; OLD_DATA             ; Untyped                               ;
; READ_DURING_WRITE_MODE_PORT_A      ; OLD_DATA             ; Untyped                               ;
; READ_DURING_WRITE_MODE_PORT_B      ; NEW_DATA_NO_NBE_READ ; Untyped                               ;
; INIT_FILE                          ; UNUSED               ; Untyped                               ;
; INIT_FILE_LAYOUT                   ; PORT_A               ; Untyped                               ;
; MAXIMUM_DEPTH                      ; 0                    ; Untyped                               ;
; CLOCK_ENABLE_INPUT_A               ; NORMAL               ; Untyped                               ;
; CLOCK_ENABLE_INPUT_B               ; NORMAL               ; Untyped                               ;
; CLOCK_ENABLE_OUTPUT_A              ; NORMAL               ; Untyped                               ;
; CLOCK_ENABLE_OUTPUT_B              ; NORMAL               ; Untyped                               ;
; CLOCK_ENABLE_CORE_A                ; USE_INPUT_CLKEN      ; Untyped                               ;
; CLOCK_ENABLE_CORE_B                ; USE_INPUT_CLKEN      ; Untyped                               ;
; ENABLE_ECC                         ; FALSE                ; Untyped                               ;
; ECC_PIPELINE_STAGE_ENABLED         ; FALSE                ; Untyped                               ;
; WIDTH_ECCSTATUS                    ; 3                    ; Untyped                               ;
; DEVICE_FAMILY                      ; Cyclone IV E         ; Untyped                               ;
; CBXI_PARAMETER                     ; altsyncram_cgu1      ; Untyped                               ;
+------------------------------------+----------------------+---------------------------------------+
Note: In order to hide this table in the UI and the text report file, please set the "Show Parameter Settings in Synthesis Report" option in "Analysis and Synthesis Settings -> More Settings" to "Off".


+----------------------------------------------------------------------------------------------+
; altsyncram Parameter Settings by Entity Instance                                             ;
+-------------------------------------------+--------------------------------------------------+
; Name                                      ; Value                                            ;
+-------------------------------------------+--------------------------------------------------+
; Number of entity instances                ; 1                                                ;
; Entity Instance                           ; InstrMem:Instruction_Memory|altsyncram:mem_rtl_0 ;
;     -- OPERATION_MODE                     ; BIDIR_DUAL_PORT                                  ;
;     -- WIDTH_A                            ; 16                                               ;
;     -- NUMWORDS_A                         ; 256                                              ;
;     -- OUTDATA_REG_A                      ; UNREGISTERED                                     ;
;     -- WIDTH_B                            ; 16                                               ;
;     -- NUMWORDS_B                         ; 256                                              ;
;     -- ADDRESS_REG_B                      ; CLOCK0                                           ;
;     -- OUTDATA_REG_B                      ; UNREGISTERED                                     ;
;     -- RAM_BLOCK_TYPE                     ; AUTO                                             ;
;     -- READ_DURING_WRITE_MODE_MIXED_PORTS ; OLD_DATA                                         ;
+-------------------------------------------+--------------------------------------------------+


+----------------------------------------------------+
; Port Connectivity Checks: "reg:Fetch_pipeline_reg" ;
+-------+-------+----------+-------------------------+
; Port  ; Type  ; Severity ; Details                 ;
+-------+-------+----------+-------------------------+
; write ; Input ; Info     ; Stuck at VCC            ;
+-------+-------+----------+-------------------------+


+-----------------------------------------+
; Port Connectivity Checks: "reg:PCPreg"  ;
+-------+-------+----------+--------------+
; Port  ; Type  ; Severity ; Details      ;
+-------+-------+----------+--------------+
; write ; Input ; Info     ; Stuck at VCC ;
+-------+-------+----------+--------------+


+-----------------------------------------+
; Port Connectivity Checks: "reg:PCreg"   ;
+-------+-------+----------+--------------+
; Port  ; Type  ; Severity ; Details      ;
+-------+-------+----------+--------------+
; write ; Input ; Info     ; Stuck at VCC ;
+-------+-------+----------+--------------+


+-------------------------------+
; Elapsed Time Per Partition    ;
+----------------+--------------+
; Partition Name ; Elapsed Time ;
+----------------+--------------+
; Top            ; 00:00:05     ;
+----------------+--------------+


+-------------------------------+
; Analysis & Synthesis Messages ;
+-------------------------------+
Info: *******************************************************************
Info: Running Quartus II 64-Bit Analysis & Synthesis
    Info: Version 13.1.0 Build 162 10/23/2013 SJ Web Edition
    Info: Processing started: Fri May  1 17:50:26 2015
Info: Command: quartus_map --read_settings_files=on --write_settings_files=off superscalar -c superscalar
Warning (20028): Parallel compilation is not licensed and has been disabled
Info (12021): Found 2 design units, including 1 entities, in source file /home/anagha/Desktop/Superscalar/superscalar/Fetch, Decode/testbench.vhdl
    Info (12022): Found design unit 1: testbench-behave
    Info (12023): Found entity 1: testbench
Info (12021): Found 2 design units, including 1 entities, in source file /home/anagha/Desktop/Superscalar/superscalar/Fetch, Decode/superscalar.vhdl
    Info (12022): Found design unit 1: superscalar-processor
    Info (12023): Found entity 1: superscalar
Info (12021): Found 2 design units, including 1 entities, in source file /home/anagha/Desktop/Superscalar/superscalar/Fetch, Decode/reg.vhdl
    Info (12022): Found design unit 1: reg-behave
    Info (12023): Found entity 1: reg
Info (12021): Found 2 design units, including 1 entities, in source file /home/anagha/Desktop/Superscalar/superscalar/Fetch, Decode/mux2to1.vhdl
    Info (12022): Found design unit 1: mux2to1-behave
    Info (12023): Found entity 1: mux2to1
Info (12021): Found 2 design units, including 1 entities, in source file /home/anagha/Desktop/Superscalar/superscalar/Fetch, Decode/InstrMem.vhdl
    Info (12022): Found design unit 1: InstrMem-RAM
    Info (12023): Found entity 1: InstrMem
Info (12021): Found 2 design units, including 1 entities, in source file /home/anagha/Desktop/Superscalar/superscalar/Fetch, Decode/Decoder.vhdl
    Info (12022): Found design unit 1: Decoder-Decode_Instr
    Info (12023): Found entity 1: Decoder
Info (12127): Elaborating entity "superscalar" for the top level hierarchy
Info (12128): Elaborating entity "mux2to1" for hierarchy "mux2to1:Programming_Mux"
Info (12128): Elaborating entity "InstrMem" for hierarchy "InstrMem:Instruction_Memory"
Info (12128): Elaborating entity "reg" for hierarchy "reg:PCreg"
Info (12128): Elaborating entity "reg" for hierarchy "reg:Fetch_pipeline_reg"
Info (12128): Elaborating entity "Decoder" for hierarchy "Decoder:Decoder_module1"
Warning (13046): Tri-state node(s) do not directly drive top-level pin(s)
    Warning (13049): Converted tri-state buffer "InstrMem:Instruction_Memory|data_out_2[0]" feeding internal logic into a wire
    Warning (13049): Converted tri-state buffer "InstrMem:Instruction_Memory|data_out_2[1]" feeding internal logic into a wire
    Warning (13049): Converted tri-state buffer "InstrMem:Instruction_Memory|data_out_2[2]" feeding internal logic into a wire
    Warning (13049): Converted tri-state buffer "InstrMem:Instruction_Memory|data_out_2[3]" feeding internal logic into a wire
    Warning (13049): Converted tri-state buffer "InstrMem:Instruction_Memory|data_out_2[4]" feeding internal logic into a wire
    Warning (13049): Converted tri-state buffer "InstrMem:Instruction_Memory|data_out_2[5]" feeding internal logic into a wire
    Warning (13049): Converted tri-state buffer "InstrMem:Instruction_Memory|data_out_2[6]" feeding internal logic into a wire
    Warning (13049): Converted tri-state buffer "InstrMem:Instruction_Memory|data_out_2[7]" feeding internal logic into a wire
    Warning (13049): Converted tri-state buffer "InstrMem:Instruction_Memory|data_out_2[8]" feeding internal logic into a wire
    Warning (13049): Converted tri-state buffer "InstrMem:Instruction_Memory|data_out_2[9]" feeding internal logic into a wire
    Warning (13049): Converted tri-state buffer "InstrMem:Instruction_Memory|data_out_2[10]" feeding internal logic into a wire
    Warning (13049): Converted tri-state buffer "InstrMem:Instruction_Memory|data_out_2[11]" feeding internal logic into a wire
    Warning (13049): Converted tri-state buffer "InstrMem:Instruction_Memory|data_out_2[12]" feeding internal logic into a wire
    Warning (13049): Converted tri-state buffer "InstrMem:Instruction_Memory|data_out_2[13]" feeding internal logic into a wire
    Warning (13049): Converted tri-state buffer "InstrMem:Instruction_Memory|data_out_2[14]" feeding internal logic into a wire
    Warning (13049): Converted tri-state buffer "InstrMem:Instruction_Memory|data_out_2[15]" feeding internal logic into a wire
    Warning (13049): Converted tri-state buffer "InstrMem:Instruction_Memory|data_out_1[0]" feeding internal logic into a wire
    Warning (13049): Converted tri-state buffer "InstrMem:Instruction_Memory|data_out_1[1]" feeding internal logic into a wire
    Warning (13049): Converted tri-state buffer "InstrMem:Instruction_Memory|data_out_1[2]" feeding internal logic into a wire
    Warning (13049): Converted tri-state buffer "InstrMem:Instruction_Memory|data_out_1[3]" feeding internal logic into a wire
    Warning (13049): Converted tri-state buffer "InstrMem:Instruction_Memory|data_out_1[4]" feeding internal logic into a wire
    Warning (13049): Converted tri-state buffer "InstrMem:Instruction_Memory|data_out_1[5]" feeding internal logic into a wire
    Warning (13049): Converted tri-state buffer "InstrMem:Instruction_Memory|data_out_1[6]" feeding internal logic into a wire
    Warning (13049): Converted tri-state buffer "InstrMem:Instruction_Memory|data_out_1[7]" feeding internal logic into a wire
    Warning (13049): Converted tri-state buffer "InstrMem:Instruction_Memory|data_out_1[8]" feeding internal logic into a wire
    Warning (13049): Converted tri-state buffer "InstrMem:Instruction_Memory|data_out_1[9]" feeding internal logic into a wire
    Warning (13049): Converted tri-state buffer "InstrMem:Instruction_Memory|data_out_1[10]" feeding internal logic into a wire
    Warning (13049): Converted tri-state buffer "InstrMem:Instruction_Memory|data_out_1[11]" feeding internal logic into a wire
    Warning (13049): Converted tri-state buffer "InstrMem:Instruction_Memory|data_out_1[12]" feeding internal logic into a wire
    Warning (13049): Converted tri-state buffer "InstrMem:Instruction_Memory|data_out_1[13]" feeding internal logic into a wire
    Warning (13049): Converted tri-state buffer "InstrMem:Instruction_Memory|data_out_1[14]" feeding internal logic into a wire
    Warning (13049): Converted tri-state buffer "InstrMem:Instruction_Memory|data_out_1[15]" feeding internal logic into a wire
Info (19000): Inferred 1 megafunctions from design logic
    Info (276029): Inferred altsyncram megafunction from the following design logic: "InstrMem:Instruction_Memory|mem_rtl_0" 
        Info (286033): Parameter OPERATION_MODE set to BIDIR_DUAL_PORT
        Info (286033): Parameter WIDTH_A set to 16
        Info (286033): Parameter WIDTH_B set to 16
        Info (286033): Parameter WIDTHAD_A set to 8
        Info (286033): Parameter WIDTHAD_B set to 8
        Info (286033): Parameter NUMWORDS_A set to 256
        Info (286033): Parameter NUMWORDS_B set to 256
        Info (286033): Parameter OUTDATA_REG_A set to UNREGISTERED
        Info (286033): Parameter OUTDATA_REG_B set to UNREGISTERED
        Info (286033): Parameter ADDRESS_REG_B set to CLOCK0
        Info (286033): Parameter INDATA_REG_B set to CLOCK0
        Info (286033): Parameter WRCONTROL_WRADDRESS_REG_B set to CLOCK0
        Info (286033): Parameter INDATA_ACLR_A set to NONE
        Info (286033): Parameter WRCONTROL_ACLR_A set to NONE
        Info (286033): Parameter ADDRESS_ACLR_A set to NONE
        Info (286033): Parameter ADDRESS_ACLR_B set to NONE
        Info (286033): Parameter OUTDATA_ACLR_B set to NONE
        Info (286033): Parameter READ_DURING_WRITE_MODE_PORT_A set to OLD_DATA
        Info (286033): Parameter READ_DURING_WRITE_MODE_MIXED_PORTS set to OLD_DATA
Info (12130): Elaborated megafunction instantiation "InstrMem:Instruction_Memory|altsyncram:mem_rtl_0"
Info (12133): Instantiated megafunction "InstrMem:Instruction_Memory|altsyncram:mem_rtl_0" with the following parameter:
    Info (12134): Parameter "OPERATION_MODE" = "BIDIR_DUAL_PORT"
    Info (12134): Parameter "WIDTH_A" = "16"
    Info (12134): Parameter "WIDTH_B" = "16"
    Info (12134): Parameter "WIDTHAD_A" = "8"
    Info (12134): Parameter "WIDTHAD_B" = "8"
    Info (12134): Parameter "NUMWORDS_A" = "256"
    Info (12134): Parameter "NUMWORDS_B" = "256"
    Info (12134): Parameter "OUTDATA_REG_A" = "UNREGISTERED"
    Info (12134): Parameter "OUTDATA_REG_B" = "UNREGISTERED"
    Info (12134): Parameter "ADDRESS_REG_B" = "CLOCK0"
    Info (12134): Parameter "INDATA_REG_B" = "CLOCK0"
    Info (12134): Parameter "WRCONTROL_WRADDRESS_REG_B" = "CLOCK0"
    Info (12134): Parameter "INDATA_ACLR_A" = "NONE"
    Info (12134): Parameter "WRCONTROL_ACLR_A" = "NONE"
    Info (12134): Parameter "ADDRESS_ACLR_A" = "NONE"
    Info (12134): Parameter "ADDRESS_ACLR_B" = "NONE"
    Info (12134): Parameter "OUTDATA_ACLR_B" = "NONE"
    Info (12134): Parameter "READ_DURING_WRITE_MODE_PORT_A" = "OLD_DATA"
    Info (12134): Parameter "READ_DURING_WRITE_MODE_MIXED_PORTS" = "OLD_DATA"
Info (12021): Found 1 design units, including 1 entities, in source file db/altsyncram_cgu1.tdf
    Info (12023): Found entity 1: altsyncram_cgu1
Warning (13024): Output pins are stuck at VCC or GND
    Warning (13410): Pin "decoder_output[31]" is stuck at GND
    Warning (13410): Pin "decoder_output[35]" is stuck at GND
    Warning (13410): Pin "decoder_output[39]" is stuck at GND
    Warning (13410): Pin "decoder_output[47]" is stuck at GND
    Warning (13410): Pin "decoder_output[78]" is stuck at GND
    Warning (13410): Pin "decoder_output[82]" is stuck at GND
    Warning (13410): Pin "decoder_output[86]" is stuck at GND
Info (286030): Timing-Driven Synthesis is running
Info (17049): 32 registers lost all their fanouts during netlist optimizations.
Info (16010): Generating hard_block partition "hard_block:auto_generated_inst"
    Info (16011): Adding 0 node(s), including 0 DDIO, 0 PLL, 0 transceiver and 0 LCELL
Warning (21074): Design contains 8 input pin(s) that do not drive logic
    Warning (15610): No output dependent on input pin "instr_address[8]"
    Warning (15610): No output dependent on input pin "instr_address[9]"
    Warning (15610): No output dependent on input pin "instr_address[10]"
    Warning (15610): No output dependent on input pin "instr_address[11]"
    Warning (15610): No output dependent on input pin "instr_address[12]"
    Warning (15610): No output dependent on input pin "instr_address[13]"
    Warning (15610): No output dependent on input pin "instr_address[14]"
    Warning (15610): No output dependent on input pin "instr_address[15]"
Info (21057): Implemented 349 device resources after synthesis - the final resource count might be different
    Info (21058): Implemented 35 input pins
    Info (21059): Implemented 94 output pins
    Info (21061): Implemented 204 logic cells
    Info (21064): Implemented 16 RAM segments
Info: Quartus II 64-Bit Analysis & Synthesis was successful. 0 errors, 51 warnings
    Info: Peak virtual memory: 816 megabytes
    Info: Processing ended: Fri May  1 17:50:38 2015
    Info: Elapsed time: 00:00:12
    Info: Total CPU time (on all processors): 00:00:07


